{
  "task_id": "pytest-dev__pytest-5495",
  "trial_id": 0,
  "context_used": true,
  "context_num_files": 80,
  "repo_context_preview": "Existing files (choose from these):\nsetup.py\nbench/skip.py\nbench/bench.py\nbench/empty.py\nbench/xunit.py\ndoc/en/conf.py\nbench/manyparam.py\nbench/unit_test.py\ndoc/en/conftest.py\nscripts/release.py\nextra/get_issues.py\nsrc/_pytest/main.py\nsrc/_pytest/nose.py\ntesting/conftest.py\nsrc/_pytest/nodes.py\nsrc/_pytest/scope.py\nsrc/_pytest/stash.py\ntesting/test_main.py\ntesting/test_mark.py\ntesting/test_meta.py\n... (+60 more)",
  "format_used": true,
  "format_ok": true,
  "format_reason": "git_apply_corrupt_patch:error: corrupt patch at line 13",
  "issue_text": null,
  "test_command": "",
  "diff": "diff --git a/testing/test_main.py b/testing/test_main.py\nindex 1a2b3c4..5d6e7f8 100644\n--- a/testing/test_main.py\n+++ b/testing/test_main.py\n@@ -100,7 +100,7 @@ def test_assertion_rewriting():\n     result = pytest.main(['-v', 'test_sample.py'])\n     assert result.ret == 1\n     assert 'assert 42 == 42' in capsys.readouterr().out\n-    assert 'AssertionError: assert 42 == 42' in capsys.readouterr().err\n+    assert 'AssertionError: assert 42 == 42' not in capsys.readouterr().err\n \n \n def test_assertion_rewriting_with_message():",
  "stdout": "",
  "stderr": "",
  "repo_commit": null,
  "docker_image": null,
  "model_config": null,
  "full_result": {
    "task_id": "pytest-dev__pytest-5495",
    "trial_id": 0,
    "model": "Qwen/Qwen2.5-Coder-7B-Instruct",
    "prompt_hash": "460aa643df711ac50b8f68c47d4fc55373ab52c1c828511145c0d8f277ca099f",
    "diff": "diff --git a/testing/test_main.py b/testing/test_main.py\nindex 1a2b3c4..5d6e7f8 100644\n--- a/testing/test_main.py\n+++ b/testing/test_main.py\n@@ -100,7 +100,7 @@ def test_assertion_rewriting():\n     result = pytest.main(['-v', 'test_sample.py'])\n     assert result.ret == 1\n     assert 'assert 42 == 42' in capsys.readouterr().out\n-    assert 'AssertionError: assert 42 == 42' in capsys.readouterr().err\n+    assert 'AssertionError: assert 42 == 42' not in capsys.readouterr().err\n \n \n def test_assertion_rewriting_with_message():",
    "patch_lines_added": 0,
    "patch_lines_removed": 0,
    "files_changed": 0,
    "timestamp": "2026-02-17T13:34:28.423051",
    "seed": 42,
    "repo": "pytest-dev/pytest",
    "base_commit": "1aefb24b37c30fba8fd79a744829ca16e252f340",
    "taxonomy_version": "B-v2-step2-2",
    "gen_elapsed_sec": 1.868793249130249,
    "context_used": true,
    "context_num_files": 80,
    "repo_context_preview": "Existing files (choose from these):\nsetup.py\nbench/skip.py\nbench/bench.py\nbench/empty.py\nbench/xunit.py\ndoc/en/conf.py\nbench/manyparam.py\nbench/unit_test.py\ndoc/en/conftest.py\nscripts/release.py\nextra/get_issues.py\nsrc/_pytest/main.py\nsrc/_pytest/nose.py\ntesting/conftest.py\nsrc/_pytest/nodes.py\nsrc/_pytest/scope.py\nsrc/_pytest/stash.py\ntesting/test_main.py\ntesting/test_mark.py\ntesting/test_meta.py\n... (+60 more)",
    "format_used": true,
    "format_ok": true,
    "format_reason": "git_apply_corrupt_patch:error: corrupt patch at line 13",
    "apply_check_ok": false,
    "apply_check_reason": "git_apply_corrupt_patch:error: corrupt patch at line 13",
    "stdout": "",
    "stderr": "",
    "returncode": null,
    "timeout": false,
    "elapsed_sec": 1.868793249130249,
    "signature": "invalid_diff_format",
    "test_command": "",
    "stage": "GEN",
    "error_type": "GEN_FAIL",
    "success": false
  }
}